[INFO] Scanning for projects...
[WARNING] 
[WARNING] Some problems were encountered while building the effective model for org.axonframework:axon-integrationtests:jar:4.10.2-SNAPSHOT
[WARNING] 'dependencies.dependency.(groupId:artifactId:type:classifier)' must be unique: org.awaitility:awaitility:jar -> duplicate declaration of version (?) @ line 245, column 21
[WARNING] 
[WARNING] It is highly recommended to fix these problems because they threaten the stability of your build.
[WARNING] 
[WARNING] For this reason, future Maven versions might no longer support building such malformed projects.
[WARNING] 
[INFO] 
[INFO] ------------------< org.axonframework:axon-messaging >------------------
[INFO] Building Axon Framework - Messaging 4.10.2-SNAPSHOT
[INFO] -------------------------------[ bundle ]-------------------------------
[INFO] 
[INFO] >>> nondex-maven-plugin:2.1.7:nondex (default-cli) > test-compile @ axon-messaging >>>
[WARNING] The artifact org.hibernate:hibernate-validator:jar:6.2.5.Final has been relocated to org.hibernate.validator:hibernate-validator:jar:6.2.5.Final
[INFO] 
[INFO] --- maven-enforcer-plugin:3.5.0:enforce (enforce-banned-dependencies) @ axon-messaging ---
[INFO] Rule 0: org.apache.maven.enforcer.rules.dependency.BannedDependencies passed
[INFO] 
[INFO] --- maven-resources-plugin:3.3.1:resources (default-resources) @ axon-messaging ---
[INFO] Copying 5 resources from src/main/resources to target/classes
[INFO] 
[INFO] --- maven-compiler-plugin:3.13.0:compile (default-compile) @ axon-messaging ---
[INFO] Nothing to compile - all classes are up to date.
[INFO] 
[INFO] --- maven-bundle-plugin:5.1.9:manifest (default) @ axon-messaging ---
[INFO] Writing manifest: /home/wtrzas2/AxonFramework/messaging/target/classes/META-INF/MANIFEST.MF
[INFO] 
[INFO] --- maven-resources-plugin:3.3.1:testResources (default-testResources) @ axon-messaging ---
[INFO] Copying 5 resources from src/test/resources to target/test-classes
[INFO] 
[INFO] --- maven-compiler-plugin:3.13.0:testCompile (default-testCompile) @ axon-messaging ---
[INFO] Nothing to compile - all classes are up to date.
[INFO] 
[INFO] <<< nondex-maven-plugin:2.1.7:nondex (default-cli) < test-compile @ axon-messaging <<<
[INFO] 
[WARNING] The artifact org.hibernate:hibernate-validator:jar:6.2.5.Final has been relocated to org.hibernate.validator:hibernate-validator:jar:6.2.5.Final
[INFO] 
[INFO] --- nondex-maven-plugin:2.1.7:nondex (default-cli) @ axon-messaging ---
INFO: The original argline is: 
INFO: Adding NonDex argLine to existing argLine specified by the project
CONFIG: nondexFilter=.*
nondexMode=FULL
nondexSeed=933178
nondexStart=0
nondexEnd=9223372036854775807
nondexPrintstack=false
nondexDir=/home/wtrzas2/AxonFramework/messaging/.nondex
nondexJarDir=.nondex
nondexExecid=clean_iGEdYvbDLFT8w9ODCvweh6u5djLGEv0ddOZc7bvBU=
nondexLogging=CONFIG
test=
[INFO] Using auto detected provider org.apache.maven.surefire.junitplatform.JUnitPlatformProvider
[INFO] 
[INFO] -------------------------------------------------------
[INFO]  T E S T S
[INFO] -------------------------------------------------------
[INFO] Running org.axonframework.messaging.annotation.AnnotatedMessageHandlingMemberTest
[INFO] Tests run: 1, Failures: 0, Errors: 0, Skipped: 0, Time elapsed: 0.691 s -- in org.axonframework.messaging.annotation.AnnotatedMessageHandlingMemberTest
[INFO] 
[INFO] Results:
[INFO] 
[INFO] Tests run: 1, Failures: 0, Errors: 0, Skipped: 0
[INFO] 
INFO: Adding excluded groups to newly created one
INFO: Adding NonDex argLine to existing argLine specified by the project
CONFIG: nondexFilter=.*
nondexMode=FULL
nondexSeed=933178
nondexStart=0
nondexEnd=9223372036854775807
nondexPrintstack=false
nondexDir=/home/wtrzas2/AxonFramework/messaging/.nondex
nondexJarDir=/home/wtrzas2/AxonFramework/messaging/.nondex
nondexExecid=5JK0fRotW3nz63ObYS9MJM3mDOwIK1sECutPeAWL0z0=
nondexLogging=CONFIG
test=
[INFO] Using auto detected provider org.apache.maven.surefire.junitplatform.JUnitPlatformProvider
[INFO] 
[INFO] -------------------------------------------------------
[INFO]  T E S T S
[INFO] -------------------------------------------------------
[INFO] Running org.axonframework.messaging.annotation.AnnotatedMessageHandlingMemberTest
[ERROR] Tests run: 1, Failures: 1, Errors: 0, Skipped: 0, Time elapsed: 0.719 s <<< FAILURE! -- in org.axonframework.messaging.annotation.AnnotatedMessageHandlingMemberTest
[ERROR] org.axonframework.messaging.annotation.AnnotatedMessageHandlingMemberTest.attributeReturnsNonEmptyOptionalForMatchingAttributeKey -- Time elapsed: 0.680 s <<< FAILURE!
org.opentest4j.AssertionFailedError: expected: <true> but was: <false>
	at org.junit.jupiter.api.AssertionFailureBuilder.build(AssertionFailureBuilder.java:151)
	at org.junit.jupiter.api.AssertionFailureBuilder.buildAndThrow(AssertionFailureBuilder.java:132)
	at org.junit.jupiter.api.AssertTrue.failNotTrue(AssertTrue.java:63)
	at org.junit.jupiter.api.AssertTrue.assertTrue(AssertTrue.java:36)
	at org.junit.jupiter.api.AssertTrue.assertTrue(AssertTrue.java:31)
	at org.junit.jupiter.api.Assertions.assertTrue(Assertions.java:183)
	at org.axonframework.messaging.annotation.AnnotatedMessageHandlingMemberTest.attributeReturnsNonEmptyOptionalForMatchingAttributeKey(AnnotatedMessageHandlingMemberTest.java:66)
	at java.base/java.lang.reflect.Method.invoke(Method.java:566)
	at java.base/java.util.ArrayList.forEach(ArrayList.java:1541)
	at java.base/java.util.ArrayList.forEach(ArrayList.java:1541)

[INFO] 
[INFO] Results:
[INFO] 
[ERROR] Failures: 
[ERROR]   AnnotatedMessageHandlingMemberTest.attributeReturnsNonEmptyOptionalForMatchingAttributeKey:66 expected: <true> but was: <false>
[INFO] 
[ERROR] Tests run: 1, Failures: 1, Errors: 0, Skipped: 0
[INFO] 
INFO: Surefire failed when running tests for 5JK0fRotW3nz63ObYS9MJM3mDOwIK1sECutPeAWL0z0=
INFO: Adding excluded groups to newly created one
INFO: Adding NonDex argLine to existing argLine specified by the project
CONFIG: nondexFilter=.*
nondexMode=FULL
nondexSeed=974622
nondexStart=0
nondexEnd=9223372036854775807
nondexPrintstack=false
nondexDir=/home/wtrzas2/AxonFramework/messaging/.nondex
nondexJarDir=/home/wtrzas2/AxonFramework/messaging/.nondex
nondexExecid=nKJ7Hb3Q3Wm9QfVHiKFDAtd2+6TYIPmGwqzCWo0B9W8=
nondexLogging=CONFIG
test=
[INFO] Using auto detected provider org.apache.maven.surefire.junitplatform.JUnitPlatformProvider
[INFO] 
[INFO] -------------------------------------------------------
[INFO]  T E S T S
[INFO] -------------------------------------------------------
[INFO] Running org.axonframework.messaging.annotation.AnnotatedMessageHandlingMemberTest
[ERROR] Tests run: 1, Failures: 1, Errors: 0, Skipped: 0, Time elapsed: 0.959 s <<< FAILURE! -- in org.axonframework.messaging.annotation.AnnotatedMessageHandlingMemberTest
[ERROR] org.axonframework.messaging.annotation.AnnotatedMessageHandlingMemberTest.attributeReturnsNonEmptyOptionalForMatchingAttributeKey -- Time elapsed: 0.915 s <<< FAILURE!
org.opentest4j.AssertionFailedError: expected: <true> but was: <false>
	at org.junit.jupiter.api.AssertionFailureBuilder.build(AssertionFailureBuilder.java:151)
	at org.junit.jupiter.api.AssertionFailureBuilder.buildAndThrow(AssertionFailureBuilder.java:132)
	at org.junit.jupiter.api.AssertTrue.failNotTrue(AssertTrue.java:63)
	at org.junit.jupiter.api.AssertTrue.assertTrue(AssertTrue.java:36)
	at org.junit.jupiter.api.AssertTrue.assertTrue(AssertTrue.java:31)
	at org.junit.jupiter.api.Assertions.assertTrue(Assertions.java:183)
	at org.axonframework.messaging.annotation.AnnotatedMessageHandlingMemberTest.attributeReturnsNonEmptyOptionalForMatchingAttributeKey(AnnotatedMessageHandlingMemberTest.java:66)
	at java.base/java.lang.reflect.Method.invoke(Method.java:566)
	at java.base/java.util.ArrayList.forEach(ArrayList.java:1541)
	at java.base/java.util.ArrayList.forEach(ArrayList.java:1541)

[INFO] 
[INFO] Results:
[INFO] 
[ERROR] Failures: 
[ERROR]   AnnotatedMessageHandlingMemberTest.attributeReturnsNonEmptyOptionalForMatchingAttributeKey:66 expected: <true> but was: <false>
[INFO] 
[ERROR] Tests run: 1, Failures: 1, Errors: 0, Skipped: 0
[INFO] 
INFO: Surefire failed when running tests for nKJ7Hb3Q3Wm9QfVHiKFDAtd2+6TYIPmGwqzCWo0B9W8=
INFO: Adding excluded groups to newly created one
INFO: Adding NonDex argLine to existing argLine specified by the project
CONFIG: nondexFilter=.*
nondexMode=FULL
nondexSeed=1016066
nondexStart=0
nondexEnd=9223372036854775807
nondexPrintstack=false
nondexDir=/home/wtrzas2/AxonFramework/messaging/.nondex
nondexJarDir=/home/wtrzas2/AxonFramework/messaging/.nondex
nondexExecid=baVSUkccKtWdI7JMG5S9ZFz0YbA28JP2RsoltNOg+Q=
nondexLogging=CONFIG
test=
[INFO] Using auto detected provider org.apache.maven.surefire.junitplatform.JUnitPlatformProvider
[INFO] 
[INFO] -------------------------------------------------------
[INFO]  T E S T S
[INFO] -------------------------------------------------------
[INFO] Running org.axonframework.messaging.annotation.AnnotatedMessageHandlingMemberTest
[ERROR] Tests run: 1, Failures: 1, Errors: 0, Skipped: 0, Time elapsed: 0.758 s <<< FAILURE! -- in org.axonframework.messaging.annotation.AnnotatedMessageHandlingMemberTest
[ERROR] org.axonframework.messaging.annotation.AnnotatedMessageHandlingMemberTest.attributeReturnsNonEmptyOptionalForMatchingAttributeKey -- Time elapsed: 0.725 s <<< FAILURE!
org.opentest4j.AssertionFailedError: expected: <true> but was: <false>
	at org.junit.jupiter.api.AssertionFailureBuilder.build(AssertionFailureBuilder.java:151)
	at org.junit.jupiter.api.AssertionFailureBuilder.buildAndThrow(AssertionFailureBuilder.java:132)
	at org.junit.jupiter.api.AssertTrue.failNotTrue(AssertTrue.java:63)
	at org.junit.jupiter.api.AssertTrue.assertTrue(AssertTrue.java:36)
	at org.junit.jupiter.api.AssertTrue.assertTrue(AssertTrue.java:31)
	at org.junit.jupiter.api.Assertions.assertTrue(Assertions.java:183)
	at org.axonframework.messaging.annotation.AnnotatedMessageHandlingMemberTest.attributeReturnsNonEmptyOptionalForMatchingAttributeKey(AnnotatedMessageHandlingMemberTest.java:66)
	at java.base/java.lang.reflect.Method.invoke(Method.java:566)
	at java.base/java.util.ArrayList.forEach(ArrayList.java:1541)
	at java.base/java.util.ArrayList.forEach(ArrayList.java:1541)

[INFO] 
[INFO] Results:
[INFO] 
[ERROR] Failures: 
[ERROR]   AnnotatedMessageHandlingMemberTest.attributeReturnsNonEmptyOptionalForMatchingAttributeKey:66 expected: <true> but was: <false>
[INFO] 
[ERROR] Tests run: 1, Failures: 1, Errors: 0, Skipped: 0
[INFO] 
INFO: Surefire failed when running tests for baVSUkccKtWdI7JMG5S9ZFz0YbA28JP2RsoltNOg+Q=
[INFO] NonDex SUMMARY:
[INFO] *********
[INFO] mvn nondex:nondex  -DnondexFilter='.*' -DnondexMode=FULL -DnondexSeed=933178 -DnondexStart=0 -DnondexEnd=9223372036854775807 -DnondexPrintstack=false -DnondexDir="/home/wtrzas2/AxonFramework/messaging/.nondex" -DnondexJarDir="/home/wtrzas2/AxonFramework/messaging/.nondex" -DnondexExecid=5JK0fRotW3nz63ObYS9MJM3mDOwIK1sECutPeAWL0z0= -DnondexLogging=CONFIG
[WARNING] org.axonframework.messaging.annotation.AnnotatedMessageHandlingMemberTest#attributeReturnsNonEmptyOptionalForMatchingAttributeKey
[INFO] *********
[INFO] *********
[INFO] mvn nondex:nondex  -DnondexFilter='.*' -DnondexMode=FULL -DnondexSeed=974622 -DnondexStart=0 -DnondexEnd=9223372036854775807 -DnondexPrintstack=false -DnondexDir="/home/wtrzas2/AxonFramework/messaging/.nondex" -DnondexJarDir="/home/wtrzas2/AxonFramework/messaging/.nondex" -DnondexExecid=nKJ7Hb3Q3Wm9QfVHiKFDAtd2+6TYIPmGwqzCWo0B9W8= -DnondexLogging=CONFIG
[WARNING] org.axonframework.messaging.annotation.AnnotatedMessageHandlingMemberTest#attributeReturnsNonEmptyOptionalForMatchingAttributeKey
[INFO] *********
[INFO] *********
[INFO] mvn nondex:nondex  -DnondexFilter='.*' -DnondexMode=FULL -DnondexSeed=1016066 -DnondexStart=0 -DnondexEnd=9223372036854775807 -DnondexPrintstack=false -DnondexDir="/home/wtrzas2/AxonFramework/messaging/.nondex" -DnondexJarDir="/home/wtrzas2/AxonFramework/messaging/.nondex" -DnondexExecid=baVSUkccKtWdI7JMG5S9ZFz0YbA28JP2RsoltNOg+Q= -DnondexLogging=CONFIG
[WARNING] org.axonframework.messaging.annotation.AnnotatedMessageHandlingMemberTest#attributeReturnsNonEmptyOptionalForMatchingAttributeKey
[INFO] *********
[INFO] All tests pass without NonDex shuffling
[INFO] ####################
[INFO] Across all seeds:
[INFO] org.axonframework.messaging.annotation.AnnotatedMessageHandlingMemberTest#attributeReturnsNonEmptyOptionalForMatchingAttributeKey
[INFO] Test results can be found at: 
[INFO] file:///home/wtrzas2/AxonFramework/messaging/.nondex/5JK0fRotW3nz63ObYS9MJM3mDOwIK1sECutPeAWL0z0=/test_results.html
[INFO] [NonDex] The id of this run is: 5JK0fRotW3nz63ObYS9MJM3mDOwIK1sECutPeAWL0z0=
[INFO] ------------------------------------------------------------------------
[INFO] BUILD FAILURE
[INFO] ------------------------------------------------------------------------
[INFO] Total time:  12.522 s
[INFO] Finished at: 2024-10-17T14:05:04-05:00
[INFO] ------------------------------------------------------------------------
[ERROR] Failed to execute goal edu.illinois:nondex-maven-plugin:2.1.7:nondex (default-cli) on project axon-messaging: Unable to execute mojo: There are test failures.
[ERROR] 
[ERROR] Please refer to /home/wtrzas2/AxonFramework/messaging/.nondex/5JK0fRotW3nz63ObYS9MJM3mDOwIK1sECutPeAWL0z0= for the individual test results.
[ERROR] Please refer to dump files (if any exist) [date].dump, [date]-jvmRun[N].dump and [date].dumpstream.
[ERROR] -> [Help 1]
[ERROR] 
[ERROR] To see the full stack trace of the errors, re-run Maven with the -e switch.
[ERROR] Re-run Maven using the -X switch to enable full debug logging.
[ERROR] 
[ERROR] For more information about the errors and possible solutions, please read the following articles:
[ERROR] [Help 1] http://cwiki.apache.org/confluence/display/MAVEN/MojoExecutionException
